[debug] [2025-05-31T19:13:09.737Z] ----------------------------------------------------------------------
[debug] [2025-05-31T19:13:09.741Z] Command:       C:\Program Files\nodejs\node.exe C:\Users\mikus\AppData\Roaming\npm\node_modules\firebase-tools\lib\bin\firebase.js init hosting
[debug] [2025-05-31T19:13:09.741Z] CLI Version:   14.5.1
[debug] [2025-05-31T19:13:09.742Z] Platform:      win32
[debug] [2025-05-31T19:13:09.742Z] Node Version:  v21.7.0
[debug] [2025-05-31T19:13:09.742Z] Time:          Sat May 31 2025 15:13:09 GMT-0400 (Eastern Daylight Time)
[debug] [2025-05-31T19:13:09.742Z] ----------------------------------------------------------------------
[debug] 
[debug] [2025-05-31T19:13:09.750Z] > command requires scopes: ["email","openid","https://www.googleapis.com/auth/cloudplatformprojects.readonly","https://www.googleapis.com/auth/firebase","https://www.googleapis.com/auth/cloud-platform"]
[debug] [2025-05-31T19:13:09.750Z] > authorizing via signed-in user (mikushbe@gmail.com)
[info] 
     ######## #### ########  ######## ########     ###     ######  ########
     ##        ##  ##     ## ##       ##     ##  ##   ##  ##       ##
     ######    ##  ########  ######   ########  #########  ######  ######
     ##        ##  ##    ##  ##       ##     ## ##     ##       ## ##
     ##       #### ##     ## ######## ########  ##     ##  ######  ########

You're about to initialize a Firebase project in this directory:

  C:\Users\mikus\date-scape

[info] 
=== Project Setup
[info] 
[info] First, let's associate this project directory with a Firebase project.
[info] You can create multiple project aliases by running firebase use --add, 
[info] but for now we'll just set up a default project.
[info] 
[debug] [2025-05-31T19:13:28.480Z] Checked if tokens are valid: true, expires at: 1748722384766
[debug] [2025-05-31T19:13:28.480Z] Checked if tokens are valid: true, expires at: 1748722384766
[debug] [2025-05-31T19:13:28.482Z] >>> [apiv2][query] GET https://firebase.googleapis.com/v1beta1/projects pageSize=100
[debug] [2025-05-31T19:13:28.843Z] <<< [apiv2][status] GET https://firebase.googleapis.com/v1beta1/projects 200
[debug] [2025-05-31T19:13:28.844Z] <<< [apiv2][body] GET https://firebase.googleapis.com/v1beta1/projects [omitted]
[info] i  Using project datescape-ed925 (DateScape) 
[info] 
=== Hosting Setup
[debug] [2025-05-31T19:13:32.296Z] Checked if tokens are valid: true, expires at: 1748722384766
[debug] [2025-05-31T19:13:32.296Z] Checked if tokens are valid: true, expires at: 1748722384766
[debug] [2025-05-31T19:13:32.296Z] >>> [apiv2][query] GET https://firebase.googleapis.com/v1beta1/projects/datescape-ed925 [none]
[debug] [2025-05-31T19:13:32.624Z] <<< [apiv2][status] GET https://firebase.googleapis.com/v1beta1/projects/datescape-ed925 200
[debug] [2025-05-31T19:13:32.624Z] <<< [apiv2][body] GET https://firebase.googleapis.com/v1beta1/projects/datescape-ed925 {"projectId":"datescape-ed925","projectNumber":"156304129791","displayName":"DateScape","name":"projects/datescape-ed925","resources":{"hostingSite":"datescape-ed925"},"state":"ACTIVE","etag":"1_e43f5120-6a7c-471d-8d75-1579c3007943"}
[info] 
[info] Your public directory is the folder (relative to your project directory) that
[info] will contain Hosting assets to be uploaded with firebase deploy. If you
[info] have a build process for your assets, use your build's output directory.
[info] 
[debug] [2025-05-31T19:13:45.407Z] >>> [apiv2][query] GET https://www.gstatic.com/firebasejs/releases.json [none]
[debug] [2025-05-31T19:13:45.487Z] <<< [apiv2][status] GET https://www.gstatic.com/firebasejs/releases.json 200
[debug] [2025-05-31T19:13:45.487Z] <<< [apiv2][body] GET https://www.gstatic.com/firebasejs/releases.json {"current":{"version":"11.8.1","browserURL":"https://www.gstatic.com/firebasejs/11.8.1/firebase.js","packageURL":"https://www.gstatic.com/firebasejs/11.8.1/firebase.tgz"},"live":{"version":"11.8","browserURL":"https://www.gstatic.com/firebasejs/live/11.8/firebase.js","packageURL":"https://www.gstatic.com/firebasejs/live/11.8/firebase.tgz"},"components":{"ai":"https://www.gstatic.com/firebasejs/11.8.1/firebase-ai.js","analytics":"https://www.gstatic.com/firebasejs/11.8.1/firebase-analytics.js","app":"https://www.gstatic.com/firebasejs/11.8.1/firebase-app.js","app-check":"https://www.gstatic.com/firebasejs/11.8.1/firebase-app-check.js","auth":"https://www.gstatic.com/firebasejs/11.8.1/firebase-auth.js","auth/cordova":"https://www.gstatic.com/firebasejs/11.8.1/firebase-auth/cordova.js","auth/web-extension":"https://www.gstatic.com/firebasejs/11.8.1/firebase-auth/web-extension.js","functions":"https://www.gstatic.com/firebasejs/11.8.1/firebase-functions.js","firestore":"https://www.gstatic.com/firebasejs/11.8.1/firebase-firestore.js","firestore/lite":"https://www.gstatic.com/firebasejs/11.8.1/firebase-firestore/lite.js","installations":"https://www.gstatic.com/firebasejs/11.8.1/firebase-installations.js","storage":"https://www.gstatic.com/firebasejs/11.8.1/firebase-storage.js","performance":"https://www.gstatic.com/firebasejs/11.8.1/firebase-performance.js","remote-config":"https://www.gstatic.com/firebasejs/11.8.1/firebase-remote-config.js","messaging":"https://www.gstatic.com/firebasejs/11.8.1/firebase-messaging.js","messaging/sw":"https://www.gstatic.com/firebasejs/11.8.1/firebase-messaging/sw.js","database":"https://www.gstatic.com/firebasejs/11.8.1/firebase-database.js","vertexai":"https://www.gstatic.com/firebasejs/11.8.1/firebase-vertexai.js","data-connect":"https://www.gstatic.com/firebasejs/11.8.1/firebase-data-connect.js","firestore.memory":"https://www.gstatic.com/firebasejs/11.8.1/firebase-firestore.memory.js"}}
[info] +  Wrote public/index.html 
[info] 
[info] i  Detected a .git folder at C:\Users\mikus\date-scape 
[info] i  Authorizing with GitHub to upload your service account to a GitHub repository's secrets store. 
[info] 
[info] Visit this URL on this device to log in:
[info] https://github.com/login/oauth/authorize?client_id=89cf50f02ac6aaed3484&state=826230652&redirect_uri=http%3A%2F%2Flocalhost%3A9005&scope=read%3Auser%20repo%20public_repo
[info] 
[info] Waiting for authentication...
[debug] [2025-05-31T19:13:56.271Z] >>> [apiv2][query] POST https://github.com/login/oauth/access_token [none]
[debug] [2025-05-31T19:13:56.271Z] >>> [apiv2][body] POST https://github.com/login/oauth/access_token [stream]
[debug] [2025-05-31T19:13:56.392Z] <<< [apiv2][status] POST https://github.com/login/oauth/access_token 200
[debug] [2025-05-31T19:13:56.392Z] <<< [apiv2][body] POST https://github.com/login/oauth/access_token {"access_token":"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","token_type":"bearer","scope":"read:user,repo"}
[debug] [2025-05-31T19:13:56.396Z] >>> [apiv2][query] GET https://api.github.com/user [none]
[debug] [2025-05-31T19:13:56.519Z] <<< [apiv2][status] GET https://api.github.com/user 200
[debug] [2025-05-31T19:13:56.519Z] <<< [apiv2][body] GET https://api.github.com/user {"login":"mikabe1805","id":68395784,"node_id":"MDQ6VXNlcjY4Mzk1Nzg0","avatar_url":"https://avatars.githubusercontent.com/u/68395784?v=4","gravatar_id":"","url":"https://api.github.com/users/mikabe1805","html_url":"https://github.com/mikabe1805","followers_url":"https://api.github.com/users/mikabe1805/followers","following_url":"https://api.github.com/users/mikabe1805/following{/other_user}","gists_url":"https://api.github.com/users/mikabe1805/gists{/gist_id}","starred_url":"https://api.github.com/users/mikabe1805/starred{/owner}{/repo}","subscriptions_url":"https://api.github.com/users/mikabe1805/subscriptions","organizations_url":"https://api.github.com/users/mikabe1805/orgs","repos_url":"https://api.github.com/users/mikabe1805/repos","events_url":"https://api.github.com/users/mikabe1805/events{/privacy}","received_events_url":"https://api.github.com/users/mikabe1805/received_events","type":"User","user_view_type":"private","site_admin":false,"name":null,"company":null,"blog":"","location":null,"email":null,"hireable":null,"bio":null,"twitter_username":null,"notification_email":null,"public_repos":20,"public_gists":0,"followers":0,"following":0,"created_at":"2020-07-16T18:03:23Z","updated_at":"2025-05-30T21:28:42Z","private_gists":0,"total_private_repos":4,"owned_private_repos":4,"disk_usage":1270358,"collaborators":0,"two_factor_authentication":false,"plan":{"name":"free","space":976562499,"collaborators":0,"private_repos":10000}}
[info] 
[info] +  Success! Logged into GitHub as mikabe1805 
[info] 
[debug] [2025-05-31T19:14:12.764Z] >>> [apiv2][query] GET https://api.github.com/repos//actions/secrets/public-key type=owner
[debug] [2025-05-31T19:14:12.847Z] <<< [apiv2][status] GET https://api.github.com/repos//actions/secrets/public-key 404
[debug] [2025-05-31T19:14:12.847Z] <<< [apiv2][body] GET https://api.github.com/repos//actions/secrets/public-key {"message":"Not Found","documentation_url":"https://docs.github.com/rest","status":"404"}
[info] 
[info] 
[error] !  The provided authorization cannot be used with this repository. If this repository is in an organization, did you remember to grant access? 
[info] 
[info] i  Action required: Visit this URL to ensure access has been granted to the appropriate organization(s) for the Firebase CLI GitHub OAuth App: 
[info] https://github.com/settings/connections/applications/89cf50f02ac6aaed3484
[info] 
